<?xml version="1.0" encoding="UTF-8"?>
<!-- Generated by org.testng.reporters.JUnitReportReporter -->
<testsuite hostname="IVAR" failures="0" tests="1" name="com.inetBanking.testCases.TC_EditCustomerTest_004" time="4.182" errors="0" timestamp="2021-08-12T23:49:53 IST" skipped="0">
  <testcase classname="com.inetBanking.testCases.TC_EditCustomerTest_004" name="editCustomerTest" time="4.182"/>
  <system-out/>
</testsuite> <!-- com.inetBanking.testCases.TC_EditCustomerTest_004 -->
