<?xml version="1.0" encoding="UTF-8"?>
<!-- Generated by org.testng.reporters.JUnitReportReporter -->
<testsuite hostname="IVAR" failures="0" tests="1" name="com.inetBanking.testCases.TC_LoginDDT_002" time="0.000" errors="0" timestamp="2021-08-09T16:44:02 IST" skipped="1">
  <testcase classname="com.inetBanking.testCases.TC_LoginDDT_002" name="LoginDDT" time="0.000">
    <skipped/>
  </testcase> <!-- LoginDDT -->
  <system-out/>
</testsuite> <!-- com.inetBanking.testCases.TC_LoginDDT_002 -->
