<?xml version="1.0" encoding="UTF-8"?>
<!-- Generated by org.testng.reporters.JUnitReportReporter -->
<testsuite hostname="IVAR" failures="0" tests="1" name="com.inetBanking.testCases.TC_DeleteCustomerTest_005" time="2.983" errors="0" timestamp="2021-08-12T23:49:53 IST" skipped="0">
  <testcase classname="com.inetBanking.testCases.TC_DeleteCustomerTest_005" name="deleteCustomer" time="2.983"/>
  <system-out/>
</testsuite> <!-- com.inetBanking.testCases.TC_DeleteCustomerTest_005 -->
